<?xml version="1.0" encoding="UTF-8"?>
<!-- Generated by org.testng.reporters.JUnitXMLReporter -->
<testsuite hostname="golamhassan" name="Default test" tests="4" failures="0" timestamp="31 Dec 2015 15:24:47 GMT" time="69.89" errors="0">
  <testcase name="testcaseC1" time="17.783" classname="com.core.suiteC.TestCase_C1"/>
  <testcase name="testcaseC1" time="17.455" classname="com.core.suiteC.TestCase_C1"/>
  <testcase name="testcaseC1" time="16.67" classname="com.core.suiteC.TestCase_C1"/>
  <testcase name="testcaseC1" time="17.953" classname="com.core.suiteC.TestCase_C1"/>
</testsuite> <!-- Default test -->
