<?xml version="1.0" encoding="UTF-8"?>
<!-- Generated by org.testng.reporters.JUnitXMLReporter -->
<testsuite hostname="golamhassan" name="Test C1" tests="4" failures="0" timestamp="5 Jan 2016 04:37:39 GMT" time="70.925" errors="0">
  <testcase name="testcaseC1" time="19.07" classname="com.core.suiteC.TestCase_C1"/>
  <testcase name="testcaseC1" time="17.03" classname="com.core.suiteC.TestCase_C1"/>
  <testcase name="testcaseC1" time="17.955" classname="com.core.suiteC.TestCase_C1"/>
  <testcase name="testcaseC1" time="16.864" classname="com.core.suiteC.TestCase_C1"/>
</testsuite> <!-- Test C1 -->
