<?xml version="1.0" encoding="UTF-8"?>
<!-- Generated by org.testng.reporters.JUnitXMLReporter -->
<testsuite hostname="golamhassan" name="Test A1" tests="1" failures="0" timestamp="5 Jan 2016 04:36:28 GMT" time="0.01" errors="0">
  <testcase name="@BeforeTest checkTestSkip" time="0.0" classname="com.core.suiteA.TestCase_A1">
    <skipped/>
  </testcase> <!-- @BeforeTest checkTestSkip -->
  <testcase name="testCaseA1" time="0.0" classname="com.core.suiteA.TestCase_A1">
    <skipped/>
  </testcase> <!-- testCaseA1 -->
</testsuite> <!-- Test A1 -->
