<?xml version="1.0" encoding="UTF-8"?>
<testng-results skipped="2" failed="0" total="9" passed="7">
  <reporter-output>
  </reporter-output>
  <suite name="Suite B" duration-ms="11" started-at="2016-01-05T04:36:28Z" finished-at="2016-01-05T04:36:28Z">
    <groups>
    </groups>
    <test name="Test B1" duration-ms="3" started-at="2016-01-05T04:36:28Z" finished-at="2016-01-05T04:36:28Z">
      <class name="com.core.suiteB.TestCase_B1">
        <test-method status="PASS" signature="checkTestSkip()[pri:0, instance:com.core.suiteB.TestCase_B1@566776ad]" name="checkTestSkip" is-config="true" duration-ms="2" started-at="2016-01-04T23:36:28Z" finished-at="2016-01-04T23:36:28Z">
          <reporter-output>
          </reporter-output>
        </test-method> <!-- checkTestSkip -->
        <test-method status="PASS" signature="testCaseB1()[pri:0, instance:com.core.suiteB.TestCase_B1@566776ad]" name="testCaseB1" duration-ms="0" started-at="2016-01-04T23:36:28Z" finished-at="2016-01-04T23:36:28Z">
          <reporter-output>
          </reporter-output>
        </test-method> <!-- testCaseB1 -->
      </class> <!-- com.core.suiteB.TestCase_B1 -->
    </test> <!-- Test B1 -->
    <test name="Test B2" duration-ms="2" started-at="2016-01-05T04:36:28Z" finished-at="2016-01-05T04:36:28Z">
      <class name="com.core.suiteB.TestCase_B2">
        <test-method status="PASS" signature="checkSuiteSkip()[pri:0, instance:com.core.suiteB.TestCase_B2@3498ed]" name="checkSuiteSkip" is-config="true" duration-ms="1" started-at="2016-01-04T23:36:28Z" finished-at="2016-01-04T23:36:28Z">
          <reporter-output>
          </reporter-output>
        </test-method> <!-- checkSuiteSkip -->
        <test-method status="PASS" signature="checkTestSkip()[pri:0, instance:com.core.suiteB.TestCase_B2@3498ed]" name="checkTestSkip" is-config="true" duration-ms="1" started-at="2016-01-04T23:36:28Z" finished-at="2016-01-04T23:36:28Z">
          <reporter-output>
          </reporter-output>
        </test-method> <!-- checkTestSkip -->
        <test-method status="PASS" signature="testCaseB2()[pri:0, instance:com.core.suiteB.TestCase_B2@3498ed]" name="testCaseB2" duration-ms="0" started-at="2016-01-04T23:36:28Z" finished-at="2016-01-04T23:36:28Z">
          <reporter-output>
          </reporter-output>
        </test-method> <!-- testCaseB2 -->
      </class> <!-- com.core.suiteB.TestCase_B2 -->
    </test> <!-- Test B2 -->
  </suite> <!-- Suite B -->
  <suite name="Suite C" duration-ms="70934" started-at="2016-01-05T04:36:28Z" finished-at="2016-01-05T04:37:39Z">
    <groups>
    </groups>
    <test name="Test C1" duration-ms="70925" started-at="2016-01-05T04:36:28Z" finished-at="2016-01-05T04:37:39Z">
      <class name="com.core.suiteC.TestCase_C1">
        <test-method status="PASS" signature="checkTestSkip()[pri:0, instance:com.core.suiteC.TestCase_C1@26ba2a48]" name="checkTestSkip" is-config="true" duration-ms="0" started-at="2016-01-04T23:36:28Z" finished-at="2016-01-04T23:36:28Z">
          <reporter-output>
          </reporter-output>
        </test-method> <!-- checkTestSkip -->
        <test-method status="PASS" signature="testcaseC1(java.lang.String, java.lang.String, java.lang.String, java.lang.String)[pri:0, instance:com.core.suiteC.TestCase_C1@26ba2a48]" name="testcaseC1" duration-ms="19070" started-at="2016-01-04T23:36:28Z" data-provider="RegisterData" finished-at="2016-01-04T23:36:47Z">
          <params>
            <param index="0">
              <value>
                <![CDATA[Golam Hassan]]>
              </value>
            </param>
            <param index="1">
              <value>
                <![CDATA[johan.smith@dol.com]]>
              </value>
            </param>
            <param index="2">
              <value>
                <![CDATA[pass123]]>
              </value>
            </param>
            <param index="3">
              <value>
                <![CDATA[pass123]]>
              </value>
            </param>
          </params>
          <reporter-output>
          </reporter-output>
        </test-method> <!-- testcaseC1 -->
        <test-method status="PASS" signature="testcaseC1(java.lang.String, java.lang.String, java.lang.String, java.lang.String)[pri:0, instance:com.core.suiteC.TestCase_C1@26ba2a48]" name="testcaseC1" duration-ms="17030" started-at="2016-01-04T23:36:47Z" data-provider="RegisterData" finished-at="2016-01-04T23:37:04Z">
          <params>
            <param index="0">
              <value>
                <![CDATA[John Smith]]>
              </value>
            </param>
            <param index="1">
              <value>
                <![CDATA[johan.smi2th@dol.com]]>
              </value>
            </param>
            <param index="2">
              <value>
                <![CDATA[pass321]]>
              </value>
            </param>
            <param index="3">
              <value>
                <![CDATA[pass321]]>
              </value>
            </param>
          </params>
          <reporter-output>
          </reporter-output>
        </test-method> <!-- testcaseC1 -->
        <test-method status="PASS" signature="testcaseC1(java.lang.String, java.lang.String, java.lang.String, java.lang.String)[pri:0, instance:com.core.suiteC.TestCase_C1@26ba2a48]" name="testcaseC1" duration-ms="17955" started-at="2016-01-04T23:37:04Z" data-provider="RegisterData" finished-at="2016-01-04T23:37:22Z">
          <params>
            <param index="0">
              <value>
                <![CDATA[Person Johnson]]>
              </value>
            </param>
            <param index="1">
              <value>
                <![CDATA[ha.ha@gmail.com]]>
              </value>
            </param>
            <param index="2">
              <value>
                <![CDATA[pass123]]>
              </value>
            </param>
            <param index="3">
              <value>
                <![CDATA[pass123]]>
              </value>
            </param>
          </params>
          <reporter-output>
          </reporter-output>
        </test-method> <!-- testcaseC1 -->
        <test-method status="PASS" signature="testcaseC1(java.lang.String, java.lang.String, java.lang.String, java.lang.String)[pri:0, instance:com.core.suiteC.TestCase_C1@26ba2a48]" name="testcaseC1" duration-ms="16864" started-at="2016-01-04T23:37:22Z" data-provider="RegisterData" finished-at="2016-01-04T23:37:39Z">
          <params>
            <param index="0">
              <value>
                <![CDATA[David Milton]]>
              </value>
            </param>
            <param index="1">
              <value>
                <![CDATA[dodn.don@gmai.com]]>
              </value>
            </param>
            <param index="2">
              <value>
                <![CDATA[pass123]]>
              </value>
            </param>
            <param index="3">
              <value>
                <![CDATA[pass123]]>
              </value>
            </param>
          </params>
          <reporter-output>
          </reporter-output>
        </test-method> <!-- testcaseC1 -->
      </class> <!-- com.core.suiteC.TestCase_C1 -->
    </test> <!-- Test C1 -->
    <test name="Test C2" duration-ms="1" started-at="2016-01-05T04:37:39Z" finished-at="2016-01-05T04:37:39Z">
      <class name="com.core.suiteC.TestCase_C2">
        <test-method status="PASS" signature="checkSuiteSkip()[pri:0, instance:com.core.suiteC.TestCase_C2@735f7ae5]" name="checkSuiteSkip" is-config="true" duration-ms="1" started-at="2016-01-04T23:36:28Z" finished-at="2016-01-04T23:36:28Z">
          <reporter-output>
          </reporter-output>
        </test-method> <!-- checkSuiteSkip -->
        <test-method status="PASS" signature="checkTestSkip()[pri:0, instance:com.core.suiteC.TestCase_C2@735f7ae5]" name="checkTestSkip" is-config="true" duration-ms="1" started-at="2016-01-04T23:37:39Z" finished-at="2016-01-04T23:37:39Z">
          <reporter-output>
          </reporter-output>
        </test-method> <!-- checkTestSkip -->
        <test-method status="PASS" signature="testCase2()[pri:0, instance:com.core.suiteC.TestCase_C2@735f7ae5]" name="testCase2" duration-ms="0" started-at="2016-01-04T23:37:39Z" finished-at="2016-01-04T23:37:39Z">
          <reporter-output>
          </reporter-output>
        </test-method> <!-- testCase2 -->
      </class> <!-- com.core.suiteC.TestCase_C2 -->
    </test> <!-- Test C2 -->
  </suite> <!-- Suite C -->
  <suite name="Suite A" duration-ms="36" started-at="2016-01-05T04:36:28Z" finished-at="2016-01-05T04:36:28Z">
    <groups>
    </groups>
    <test name="Test A1" duration-ms="10" started-at="2016-01-05T04:36:28Z" finished-at="2016-01-05T04:36:28Z">
      <class name="com.core.suiteA.TestCase_A1">
        <test-method status="SKIP" signature="checkTestSkip()[pri:0, instance:com.core.suiteA.TestCase_A1@e580929]" name="checkTestSkip" is-config="true" duration-ms="0" started-at="2016-01-04T23:36:28Z" finished-at="2016-01-04T23:36:28Z">
          <exception class="org.testng.SkipException">
            <message>
              <![CDATA[Skipping Test CaseTestCase_A1 as runmode set to NO]]>
            </message>
            <full-stacktrace>
              <![CDATA[org.testng.SkipException: Skipping Test CaseTestCase_A1 as runmode set to NO
	at com.core.suiteA.TestCase_A1.checkTestSkip(TestCase_A1.java:17)
	at sun.reflect.NativeMethodAccessorImpl.invoke0(Native Method)
	at sun.reflect.NativeMethodAccessorImpl.invoke(NativeMethodAccessorImpl.java:62)
	at sun.reflect.DelegatingMethodAccessorImpl.invoke(DelegatingMethodAccessorImpl.java:43)
	at java.lang.reflect.Method.invoke(Method.java:497)
	at org.testng.internal.MethodInvocationHelper.invokeMethod(MethodInvocationHelper.java:85)
	at org.testng.internal.Invoker.invokeConfigurationMethod(Invoker.java:510)
	at org.testng.internal.Invoker.invokeConfigurations(Invoker.java:211)
	at org.testng.internal.Invoker.invokeConfigurations(Invoker.java:138)
	at org.testng.TestRunner.beforeRun(TestRunner.java:647)
	at org.testng.TestRunner.run(TestRunner.java:615)
	at org.testng.SuiteRunner.runTest(SuiteRunner.java:357)
	at org.testng.SuiteRunner.runSequentially(SuiteRunner.java:352)
	at org.testng.SuiteRunner.privateRun(SuiteRunner.java:310)
	at org.testng.SuiteRunner.run(SuiteRunner.java:259)
	at org.testng.SuiteRunnerWorker.runSuite(SuiteRunnerWorker.java:52)
	at org.testng.SuiteRunnerWorker.run(SuiteRunnerWorker.java:86)
	at org.testng.TestNG.runSuitesSequentially(TestNG.java:1185)
	at org.testng.TestNG.runSuitesSequentially(TestNG.java:1181)
	at org.testng.TestNG.runSuitesLocally(TestNG.java:1110)
	at org.testng.TestNG.run(TestNG.java:1018)
	at org.testng.TestNG.privateMain(TestNG.java:1325)
	at org.testng.TestNG.main(TestNG.java:1294)
]]>
            </full-stacktrace>
          </exception> <!-- org.testng.SkipException -->
          <reporter-output>
          </reporter-output>
        </test-method> <!-- checkTestSkip -->
        <test-method status="SKIP" signature="testCaseA1()[pri:0, instance:com.core.suiteA.TestCase_A1@e580929]" name="testCaseA1" duration-ms="0" started-at="2016-01-04T23:36:28Z" finished-at="2016-01-04T23:36:28Z">
          <reporter-output>
          </reporter-output>
        </test-method> <!-- testCaseA1 -->
      </class> <!-- com.core.suiteA.TestCase_A1 -->
    </test> <!-- Test A1 -->
    <test name="Test A2" duration-ms="1" started-at="2016-01-05T04:36:28Z" finished-at="2016-01-05T04:36:28Z">
      <class name="com.core.suiteA.TestCase_A2">
        <test-method status="SKIP" signature="checkTestSkip()[pri:0, instance:com.core.suiteA.TestCase_A2@4411d970]" name="checkTestSkip" is-config="true" duration-ms="0" started-at="2016-01-04T23:36:28Z" finished-at="2016-01-04T23:36:28Z">
          <exception class="org.testng.SkipException">
            <message>
              <![CDATA[Skipping Test CaseTestCase_A2 as runmode set to NO]]>
            </message>
            <full-stacktrace>
              <![CDATA[org.testng.SkipException: Skipping Test CaseTestCase_A2 as runmode set to NO
	at com.core.suiteA.TestCase_A2.checkTestSkip(TestCase_A2.java:17)
	at sun.reflect.NativeMethodAccessorImpl.invoke0(Native Method)
	at sun.reflect.NativeMethodAccessorImpl.invoke(NativeMethodAccessorImpl.java:62)
	at sun.reflect.DelegatingMethodAccessorImpl.invoke(DelegatingMethodAccessorImpl.java:43)
	at java.lang.reflect.Method.invoke(Method.java:497)
	at org.testng.internal.MethodInvocationHelper.invokeMethod(MethodInvocationHelper.java:85)
	at org.testng.internal.Invoker.invokeConfigurationMethod(Invoker.java:510)
	at org.testng.internal.Invoker.invokeConfigurations(Invoker.java:211)
	at org.testng.internal.Invoker.invokeConfigurations(Invoker.java:138)
	at org.testng.TestRunner.beforeRun(TestRunner.java:647)
	at org.testng.TestRunner.run(TestRunner.java:615)
	at org.testng.SuiteRunner.runTest(SuiteRunner.java:357)
	at org.testng.SuiteRunner.runSequentially(SuiteRunner.java:352)
	at org.testng.SuiteRunner.privateRun(SuiteRunner.java:310)
	at org.testng.SuiteRunner.run(SuiteRunner.java:259)
	at org.testng.SuiteRunnerWorker.runSuite(SuiteRunnerWorker.java:52)
	at org.testng.SuiteRunnerWorker.run(SuiteRunnerWorker.java:86)
	at org.testng.TestNG.runSuitesSequentially(TestNG.java:1185)
	at org.testng.TestNG.runSuitesSequentially(TestNG.java:1181)
	at org.testng.TestNG.runSuitesLocally(TestNG.java:1110)
	at org.testng.TestNG.run(TestNG.java:1018)
	at org.testng.TestNG.privateMain(TestNG.java:1325)
	at org.testng.TestNG.main(TestNG.java:1294)
]]>
            </full-stacktrace>
          </exception> <!-- org.testng.SkipException -->
          <reporter-output>
          </reporter-output>
        </test-method> <!-- checkTestSkip -->
        <test-method status="SKIP" signature="testCaseA2()[pri:0, instance:com.core.suiteA.TestCase_A2@4411d970]" name="testCaseA2" duration-ms="0" started-at="2016-01-04T23:36:28Z" finished-at="2016-01-04T23:36:28Z">
          <reporter-output>
          </reporter-output>
        </test-method> <!-- testCaseA2 -->
      </class> <!-- com.core.suiteA.TestCase_A2 -->
      <class name="com.core.suiteA.TestCase_A1">
        <test-method status="PASS" signature="checkSuiteSkip()[pri:0, instance:com.core.suiteA.TestCase_A1@e580929]" name="checkSuiteSkip" is-config="true" duration-ms="912" started-at="2016-01-04T23:36:27Z" finished-at="2016-01-04T23:36:28Z">
          <reporter-output>
          </reporter-output>
        </test-method> <!-- checkSuiteSkip -->
        <test-method status="PASS" signature="checkSuiteSkip()[pri:0, instance:com.core.suiteA.TestCase_A2@4411d970]" name="checkSuiteSkip" is-config="true" duration-ms="0" started-at="2016-01-04T23:36:28Z" finished-at="2016-01-04T23:36:28Z">
          <reporter-output>
          </reporter-output>
        </test-method> <!-- checkSuiteSkip -->
      </class> <!-- com.core.suiteA.TestCase_A1 -->
    </test> <!-- Test A2 -->
  </suite> <!-- Suite A -->
  <suite name="My suite" duration-ms="0" started-at="2016-01-05T04:37:39Z" finished-at="2016-01-05T04:37:39Z">
    <groups>
    </groups>
  </suite> <!-- My suite -->
</testng-results>
